<?xml version="1.0" encoding="UTF-8"?>
<!-- Generated by org.testng.reporters.JUnitReportReporter -->
<testsuite skipped="0" hostname="DESKTOP-U5JPDRA" name="HTTPClient.PostRequest" tests="1" failures="0" timestamp="16 Sep 2019 22:38:48 GMT" time="1.188" errors="0">
  <testcase name="postRequest" time="1.188" classname="HTTPClient.PostRequest"/>
</testsuite> <!-- HTTPClient.PostRequest -->
