<?xml version="1.0" encoding="UTF-8"?>
<!-- Generated by org.testng.reporters.JUnitReportReporter -->
<testsuite skipped="0" hostname="DESKTOP-U5JPDRA" name="HTTPClient.GetRequest" tests="1" failures="0" timestamp="13 Sep 2019 18:28:39 GMT" time="1.620" errors="0">
  <testcase name="getRequest" time="1.620" classname="HTTPClient.GetRequest"/>
</testsuite> <!-- HTTPClient.GetRequest -->
