<?xml version="1.0" encoding="UTF-8"?>
<!-- Generated by org.testng.reporters.JUnitReportReporter -->
<testsuite skipped="0" hostname="DESKTOP-U5JPDRA" name="HTTPClient.PutRequest" tests="1" failures="0" timestamp="17 Sep 2019 03:03:16 GMT" time="1.606" errors="0">
  <testcase name="putRequest" time="1.606" classname="HTTPClient.PutRequest"/>
</testsuite> <!-- HTTPClient.PutRequest -->
