<?xml version="1.0" encoding="UTF-8"?>
<!-- Generated by org.testng.reporters.JUnitReportReporter -->
<testsuite skipped="0" hostname="DESKTOP-U5JPDRA" name="HTTPClient.DeleteRequest" tests="1" failures="0" timestamp="17 Sep 2019 03:14:44 GMT" time="1.623" errors="0">
  <testcase name="deleteRequest" time="1.623" classname="HTTPClient.DeleteRequest"/>
</testsuite> <!-- HTTPClient.DeleteRequest -->
